Wed Feb 14 2018 11:28:56 GMT-0500 (Eastern Standard Time): GET /robots.txt
Wed Feb 14 2018 11:28:57 GMT-0500 (Eastern Standard Time): GET /favicon.ico
Wed Feb 14 2018 11:28:57 GMT-0500 (Eastern Standard Time): GET /favicon.ico
Wed Feb 14 2018 14:54:18 GMT-0500 (Eastern Standard Time): GET /robots.txt
Wed Feb 14 2018 14:54:18 GMT-0500 (Eastern Standard Time): GET /api
Wed Feb 14 2018 14:54:35 GMT-0500 (Eastern Standard Time): GET /rss
Wed Feb 14 2018 14:56:35 GMT-0500 (Eastern Standard Time): GET /rss
Wed Feb 14 2018 14:57:39 GMT-0500 (Eastern Standard Time): GET /rss
Wed Feb 14 2018 14:58:00 GMT-0500 (Eastern Standard Time): GET /rss
Wed Feb 14 2018 14:58:01 GMT-0500 (Eastern Standard Time): GET /rss
Wed Feb 14 2018 14:59:00 GMT-0500 (Eastern Standard Time): GET /rss
Wed Feb 14 2018 14:59:03 GMT-0500 (Eastern Standard Time): GET /rss
Wed Feb 14 2018 14:59:33 GMT-0500 (Eastern Standard Time): GET /rss
Wed Feb 14 2018 14:59:39 GMT-0500 (Eastern Standard Time): GET /rss
Wed Feb 14 2018 15:00:58 GMT-0500 (Eastern Standard Time): GET /rss
Wed Feb 14 2018 15:01:35 GMT-0500 (Eastern Standard Time): GET /rss
Wed Feb 14 2018 15:03:35 GMT-0500 (Eastern Standard Time): GET /rss
Wed Feb 14 2018 15:05:35 GMT-0500 (Eastern Standard Time): GET /rss
Wed Feb 14 2018 15:07:27 GMT-0500 (Eastern Standard Time): GET /rss
Thu Feb 15 2018 10:16:29 GMT-0500 (Eastern Standard Time): GET /quotes/on-design
Thu Feb 15 2018 10:16:30 GMT-0500 (Eastern Standard Time): GET /robots.txt
Thu Feb 15 2018 10:16:33 GMT-0500 (Eastern Standard Time): GET /favicon.ico
Thu Feb 15 2018 10:16:33 GMT-0500 (Eastern Standard Time): GET /favicon.ico
Thu Feb 15 2018 10:17:12 GMT-0500 (Eastern Standard Time): GET /quotes/quotes/of-day/inspiration
Thu Feb 15 2018 10:17:37 GMT-0500 (Eastern Standard Time): GET /quotes/quotes/of-day/inspire
Thu Feb 15 2018 10:17:44 GMT-0500 (Eastern Standard Time): GET /quotes/of-day/inspire
Thu Feb 15 2018 10:33:30 GMT-0500 (Eastern Standard Time): GET /quotes/of-day/rss
Thu Feb 15 2018 10:35:18 GMT-0500 (Eastern Standard Time): GET /rss
Thu Feb 15 2018 10:35:55 GMT-0500 (Eastern Standard Time): GET /rss
Thu Feb 15 2018 10:36:51 GMT-0500 (Eastern Standard Time): GET /rss
Thu Feb 15 2018 10:38:51 GMT-0500 (Eastern Standard Time): GET /rss
Thu Feb 15 2018 10:40:30 GMT-0500 (Eastern Standard Time): GET /rss
Thu Feb 15 2018 10:41:51 GMT-0500 (Eastern Standard Time): GET /rss
Thu Feb 15 2018 10:42:11 GMT-0500 (Eastern Standard Time): GET /rss
Thu Feb 15 2018 10:44:08 GMT-0500 (Eastern Standard Time): GET /rss
Thu Feb 15 2018 10:46:57 GMT-0500 (Eastern Standard Time): GET /rss
Thu Feb 15 2018 10:58:35 GMT-0500 (Eastern Standard Time): GET /rss
Thu Feb 15 2018 10:59:25 GMT-0500 (Eastern Standard Time): GET /rss
Thu Feb 15 2018 11:01:55 GMT-0500 (Eastern Standard Time): GET /rss
Thu Feb 15 2018 11:06:25 GMT-0500 (Eastern Standard Time): GET /rss/0
Thu Feb 15 2018 11:06:48 GMT-0500 (Eastern Standard Time): GET /rss/0
Thu Feb 15 2018 11:07:16 GMT-0500 (Eastern Standard Time): GET /rss/0
Thu Feb 15 2018 11:07:33 GMT-0500 (Eastern Standard Time): GET /rss/0
Thu Feb 15 2018 11:07:49 GMT-0500 (Eastern Standard Time): GET /rss/0
Thu Feb 15 2018 11:07:57 GMT-0500 (Eastern Standard Time): GET /rss/0
Thu Feb 15 2018 11:08:51 GMT-0500 (Eastern Standard Time): GET /rss/0
Thu Feb 15 2018 11:09:01 GMT-0500 (Eastern Standard Time): GET /rss/0
Thu Feb 15 2018 11:11:28 GMT-0500 (Eastern Standard Time): GET /rss/0
Thu Feb 15 2018 14:57:41 GMT-0500 (Eastern Standard Time): GET /robots.txt
Thu Feb 15 2018 14:57:41 GMT-0500 (Eastern Standard Time): GET /weather
Thu Feb 15 2018 14:57:43 GMT-0500 (Eastern Standard Time): GET /favicon.ico
Thu Feb 15 2018 14:57:43 GMT-0500 (Eastern Standard Time): GET /favicon.ico
Thu Feb 15 2018 14:58:19 GMT-0500 (Eastern Standard Time): GET /weather
Thu Feb 15 2018 15:05:56 GMT-0500 (Eastern Standard Time): GET /robots.txt
Thu Feb 15 2018 15:05:56 GMT-0500 (Eastern Standard Time): GET /weather
Fri Feb 16 2018 09:34:36 GMT-0500 (Eastern Standard Time): GET /rss
Fri Feb 16 2018 09:34:36 GMT-0500 (Eastern Standard Time): GET /favicon.ico
Fri Feb 16 2018 09:34:36 GMT-0500 (Eastern Standard Time): GET /favicon.ico
Fri Feb 16 2018 09:34:49 GMT-0500 (Eastern Standard Time): GET /rss/0
Fri Feb 16 2018 09:35:32 GMT-0500 (Eastern Standard Time): GET /rss/0
Fri Feb 16 2018 09:37:09 GMT-0500 (Eastern Standard Time): GET /rss/0
Fri Feb 16 2018 09:37:16 GMT-0500 (Eastern Standard Time): GET /rss/1
Fri Feb 16 2018 09:37:20 GMT-0500 (Eastern Standard Time): GET /rss/2
Fri Feb 16 2018 10:14:24 GMT-0500 (Eastern Standard Time): GET /robots.txt
Fri Feb 16 2018 10:14:24 GMT-0500 (Eastern Standard Time): GET /quotes/writing
Fri Feb 16 2018 10:15:29 GMT-0500 (Eastern Standard Time): GET /quotes/writing
Fri Feb 16 2018 10:18:23 GMT-0500 (Eastern Standard Time): GET /quotes/writing
Fri Feb 16 2018 10:18:43 GMT-0500 (Eastern Standard Time): GET /quotes/writing
Fri Feb 16 2018 10:29:02 GMT-0500 (Eastern Standard Time): GET /quotes/writing
Fri Feb 16 2018 14:18:14 GMT-0500 (Eastern Standard Time): GET /robots.txt
Fri Feb 16 2018 14:18:14 GMT-0500 (Eastern Standard Time): GET /quotes/philosophy
Fri Feb 16 2018 14:18:19 GMT-0500 (Eastern Standard Time): GET /quotes/philosophy
Sat Feb 17 2018 09:06:28 GMT-0500 (EST): GET /robots.txt
Sat Feb 17 2018 09:06:29 GMT-0500 (EST): GET /favicon.ico
Sat Feb 17 2018 09:06:30 GMT-0500 (EST): GET /favicon.ico
Sat Feb 17 2018 09:06:33 GMT-0500 (EST): GET /rss/3
Sat Feb 17 2018 09:08:16 GMT-0500 (EST): GET /rss/3
Sun Feb 18 2018 08:55:54 GMT-0500 (EST): GET /robots.txt
Sun Feb 18 2018 08:55:54 GMT-0500 (EST): GET /bashoo
Sun Feb 18 2018 08:55:54 GMT-0500 (EST): GET /favicon.ico
Sun Feb 18 2018 08:55:54 GMT-0500 (EST): GET /favicon.ico
Sun Feb 18 2018 08:56:12 GMT-0500 (EST): GET /bashoo
Sun Feb 18 2018 08:57:05 GMT-0500 (EST): GET /bashoo
Sun Feb 18 2018 08:57:08 GMT-0500 (EST): GET /bashoo
Sun Feb 18 2018 10:19:18 GMT-0500 (EST): GET /favicon.ico
Sun Feb 18 2018 10:19:51 GMT-0500 (EST): GET /basho
Sun Feb 18 2018 11:17:35 GMT-0500 (EST): GET /robots.txt
Sun Feb 18 2018 11:17:47 GMT-0500 (EST): GET /quotes/basho
Sun Feb 18 2018 11:20:18 GMT-0500 (EST): GET /quotes/basho
Sun Feb 18 2018 11:20:28 GMT-0500 (EST): GET /quotes/basho
Sun Feb 18 2018 11:21:13 GMT-0500 (EST): GET /quotes/basho
Sun Feb 18 2018 11:21:27 GMT-0500 (EST): GET /quotes/basho
Sun Feb 18 2018 11:21:58 GMT-0500 (EST): GET /quotes/basho
Sun Feb 18 2018 11:22:07 GMT-0500 (EST): GET /quotes/basho
Sun Feb 18 2018 11:23:28 GMT-0500 (EST): GET /quotes/basho
Sun Feb 18 2018 11:23:31 GMT-0500 (EST): GET /quotes/basho
Sun Feb 18 2018 11:23:33 GMT-0500 (EST): GET /quotes/basho
Sun Feb 18 2018 11:23:35 GMT-0500 (EST): GET /quotes/basho
Sun Feb 18 2018 11:33:31 GMT-0500 (EST): GET /quotes/basho
Sun Feb 18 2018 11:34:13 GMT-0500 (EST): GET /quotes/basho
Sun Feb 18 2018 11:34:40 GMT-0500 (EST): GET /quotes/basho
Sun Feb 18 2018 11:35:56 GMT-0500 (EST): GET /quotes/basho
Sun Feb 18 2018 11:36:34 GMT-0500 (EST): GET /robots.txt
Sun Feb 18 2018 11:36:34 GMT-0500 (EST): GET /quotes/basho
Sun Feb 18 2018 11:36:49 GMT-0500 (EST): GET /quotes/basho
Sun Feb 18 2018 11:36:53 GMT-0500 (EST): GET /quotes/basho
Sun Feb 18 2018 11:37:14 GMT-0500 (EST): GET /quotes/basho
Sun Feb 18 2018 11:37:17 GMT-0500 (EST): GET /quotes/basho
Sun Feb 18 2018 11:37:18 GMT-0500 (EST): GET /quotes/basho
Thu Feb 22 2018 06:13:06 GMT-0500 (EST): GET /robots.txt
Thu Feb 22 2018 06:13:08 GMT-0500 (EST): GET /favicon.ico
Thu Feb 22 2018 06:13:08 GMT-0500 (EST): GET /favicon.ico
Thu Feb 22 2018 06:13:13 GMT-0500 (EST): GET /quotes/chekhov
Thu Feb 22 2018 06:13:17 GMT-0500 (EST): GET /quotes/chekhov
Thu Feb 22 2018 06:13:20 GMT-0500 (EST): GET /quotes/chekhov
Thu Feb 22 2018 06:13:22 GMT-0500 (EST): GET /quotes/chekhov
Thu Feb 22 2018 06:13:23 GMT-0500 (EST): GET /quotes/chekhov
Thu Feb 22 2018 06:13:25 GMT-0500 (EST): GET /quotes/chekhov
Thu Feb 22 2018 06:13:52 GMT-0500 (EST): GET /quotes/chekhov
Thu Feb 22 2018 06:13:59 GMT-0500 (EST): GET /quotes/basho
Thu Feb 22 2018 06:14:02 GMT-0500 (EST): GET /quotes/basho
Thu Feb 22 2018 06:14:19 GMT-0500 (EST): GET /quotes/basho
Thu Feb 22 2018 06:14:21 GMT-0500 (EST): GET /quotes/basho
Thu Feb 22 2018 06:14:25 GMT-0500 (EST): GET /quotes/basho
Thu Feb 22 2018 06:14:29 GMT-0500 (EST): GET /quotes/basho
Thu Feb 22 2018 06:14:30 GMT-0500 (EST): GET /quotes/basho
Thu Feb 22 2018 06:14:51 GMT-0500 (EST): GET /quotes/basho
Mon Oct 08 2018 20:59:36 GMT-0600 (MDT): GET /robots.txt
Mon Oct 08 2018 20:59:48 GMT-0600 (MDT): GET /favicon.ico
Mon Oct 08 2018 20:59:48 GMT-0600 (MDT): GET /favicon.ico
